<?xml version="1.0" encoding="UTF-8"?>
<coverage generated="1724014102122" clover="3.2.0">
  <project timestamp="1724014102122" name="All files">
    <metrics statements="90" coveredstatements="87" conditionals="37" coveredconditionals="34" methods="22" coveredmethods="22" elements="149" coveredelements="143" complexity="0" loc="90" ncloc="90" packages="6" files="6" classes="6"/>
    <package name="src">
      <metrics statements="5" coveredstatements="5" conditionals="0" coveredconditionals="0" methods="1" coveredmethods="1"/>
      <file name="App.tsx" path="/home/lucaspadilha/Pessoal/deel/autocomplete-exercise/src/App.tsx">
        <metrics statements="5" coveredstatements="5" conditionals="0" coveredconditionals="0" methods="1" coveredmethods="1"/>
        <line num="2" count="1" type="stmt"/>
        <line num="4" count="1" type="stmt"/>
        <line num="6" count="1" type="stmt"/>
        <line num="7" count="5" type="stmt"/>
        <line num="21" count="1" type="stmt"/>
      </file>
    </package>
    <package name="src.components.AutoComplete">
      <metrics statements="61" coveredstatements="58" conditionals="36" coveredconditionals="33" methods="13" coveredmethods="13"/>
      <file name="index.tsx" path="/home/lucaspadilha/Pessoal/deel/autocomplete-exercise/src/components/AutoComplete/index.tsx">
        <metrics statements="61" coveredstatements="58" conditionals="36" coveredconditionals="33" methods="13" coveredmethods="13"/>
        <line num="1" count="1" type="stmt"/>
        <line num="3" count="1" type="stmt"/>
        <line num="5" count="1" type="stmt"/>
        <line num="7" count="1" type="stmt"/>
        <line num="13" count="1" type="cond" truecount="1" falsecount="0"/>
        <line num="14" count="181" type="stmt"/>
        <line num="15" count="181" type="stmt"/>
        <line num="17" count="181" type="stmt"/>
        <line num="18" count="181" type="stmt"/>
        <line num="19" count="181" type="stmt"/>
        <line num="20" count="181" type="stmt"/>
        <line num="21" count="181" type="stmt"/>
        <line num="23" count="181" type="stmt"/>
        <line num="25" count="181" type="stmt"/>
        <line num="26" count="51" type="cond" truecount="2" falsecount="1"/>
        <line num="27" count="0" type="stmt"/>
        <line num="28" count="0" type="stmt"/>
        <line num="31" count="51" type="stmt"/>
        <line num="32" count="51" type="stmt"/>
        <line num="33" count="51" type="stmt"/>
        <line num="34" count="43" type="stmt"/>
        <line num="36" count="4" type="stmt"/>
        <line num="38" count="47" type="stmt"/>
        <line num="42" count="181" type="stmt"/>
        <line num="43" count="68" type="cond" truecount="3" falsecount="0"/>
        <line num="44" count="51" type="stmt"/>
        <line num="48" count="181" type="stmt"/>
        <line num="49" count="53" type="stmt"/>
        <line num="50" count="53" type="stmt"/>
        <line num="51" count="53" type="stmt"/>
        <line num="54" count="181" type="stmt"/>
        <line num="55" count="67" type="cond" truecount="2" falsecount="0"/>
        <line num="56" count="13" type="stmt"/>
        <line num="57" count="13" type="stmt"/>
        <line num="58" count="13" type="cond" truecount="1" falsecount="1"/>
        <line num="60" count="54" type="cond" truecount="2" falsecount="0"/>
        <line num="61" count="2" type="stmt"/>
        <line num="62" count="2" type="cond" truecount="1" falsecount="1"/>
        <line num="63" count="52" type="cond" truecount="3" falsecount="0"/>
        <line num="64" count="1" type="stmt"/>
        <line num="65" count="1" type="stmt"/>
        <line num="66" count="1" type="stmt"/>
        <line num="70" count="181" type="stmt"/>
        <line num="71" count="1" type="stmt"/>
        <line num="72" count="1" type="stmt"/>
        <line num="73" count="1" type="stmt"/>
        <line num="74" count="1" type="stmt"/>
        <line num="77" count="181" type="stmt"/>
        <line num="78" count="520" type="cond" truecount="1" falsecount="0"/>
        <line num="79" count="520" type="stmt"/>
        <line num="80" count="520" type="stmt"/>
        <line num="81" count="604" type="cond" truecount="2" falsecount="0"/>
        <line num="85" count="0" type="stmt"/>
        <line num="88" count="181" type="stmt"/>
        <line num="89" count="28" type="cond" truecount="3" falsecount="0"/>
        <line num="90" count="14" type="stmt"/>
        <line num="91" count="14" type="stmt"/>
        <line num="95" count="181" type="stmt"/>
        <line num="110" count="520" type="stmt"/>
        <line num="112" count="1" type="stmt"/>
        <line num="129" count="1" type="stmt"/>
      </file>
    </package>
    <package name="src.hooks">
      <metrics statements="1" coveredstatements="1" conditionals="0" coveredconditionals="0" methods="0" coveredmethods="0"/>
      <file name="index.ts" path="/home/lucaspadilha/Pessoal/deel/autocomplete-exercise/src/hooks/index.ts">
        <metrics statements="1" coveredstatements="1" conditionals="0" coveredconditionals="0" methods="0" coveredmethods="0"/>
        <line num="1" count="1" type="stmt"/>
      </file>
    </package>
    <package name="src.hooks.useDebounce">
      <metrics statements="10" coveredstatements="10" conditionals="0" coveredconditionals="0" methods="4" coveredmethods="4"/>
      <file name="index.ts" path="/home/lucaspadilha/Pessoal/deel/autocomplete-exercise/src/hooks/useDebounce/index.ts">
        <metrics statements="10" coveredstatements="10" conditionals="0" coveredconditionals="0" methods="4" coveredmethods="4"/>
        <line num="1" count="2" type="stmt"/>
        <line num="3" count="2" type="stmt"/>
        <line num="4" count="16" type="stmt"/>
        <line num="6" count="16" type="stmt"/>
        <line num="7" count="12" type="stmt"/>
        <line num="8" count="4" type="stmt"/>
        <line num="11" count="12" type="stmt"/>
        <line num="12" count="12" type="stmt"/>
        <line num="16" count="16" type="stmt"/>
        <line num="19" count="2" type="stmt"/>
      </file>
    </package>
    <package name="src.services">
      <metrics statements="1" coveredstatements="1" conditionals="0" coveredconditionals="0" methods="0" coveredmethods="0"/>
      <file name="index.ts" path="/home/lucaspadilha/Pessoal/deel/autocomplete-exercise/src/services/index.ts">
        <metrics statements="1" coveredstatements="1" conditionals="0" coveredconditionals="0" methods="0" coveredmethods="0"/>
        <line num="1" count="1" type="stmt"/>
      </file>
    </package>
    <package name="src.services.mockedApi">
      <metrics statements="12" coveredstatements="12" conditionals="1" coveredconditionals="1" methods="4" coveredmethods="4"/>
      <file name="index.ts" path="/home/lucaspadilha/Pessoal/deel/autocomplete-exercise/src/services/mockedApi/index.ts">
        <metrics statements="12" coveredstatements="12" conditionals="1" coveredconditionals="1" methods="4" coveredmethods="4"/>
        <line num="3" count="2" type="stmt"/>
        <line num="5" count="2" type="stmt"/>
        <line num="6" count="7" type="stmt"/>
        <line num="7" count="7" type="stmt"/>
        <line num="9" count="6" type="stmt"/>
        <line num="10" count="6" type="stmt"/>
        <line num="11" count="8" type="cond" truecount="1" falsecount="0"/>
        <line num="13" count="7" type="stmt"/>
        <line num="19" count="6" type="stmt"/>
        <line num="20" count="7" type="stmt"/>
        <line num="23" count="1" type="stmt"/>
        <line num="24" count="1" type="stmt"/>
      </file>
    </package>
  </project>
</coverage>
