{"/home/lucaspadilha/Pessoal/deel/autocomplete-exercise/src/App.tsx": {"path":"/home/lucaspadilha/Pessoal/deel/autocomplete-exercise/src/App.tsx","statementMap":{"0":{"start":{"line":2,"column":0},"end":{"line":2,"column":57}},"1":{"start":{"line":4,"column":0},"end":{"line":4,"column":19}},"2":{"start":{"line":6,"column":12},"end":{"line":19,"column":1}},"3":{"start":{"line":7,"column":2},"end":{"line":18,"column":4}},"4":{"start":{"line":21,"column":0},"end":{"line":21,"column":19}}},"fnMap":{"0":{"name":"(anonymous_0)","decl":{"start":{"line":6,"column":12},"end":{"line":6,"column":15}},"loc":{"start":{"line":6,"column":17},"end":{"line":19,"column":1}}}},"branchMap":{},"s":{"0":1,"1":1,"2":1,"3":5,"4":1},"f":{"0":5},"b":{}}
,"/home/lucaspadilha/Pessoal/deel/autocomplete-exercise/src/components/AutoComplete/index.tsx": {"path":"/home/lucaspadilha/Pessoal/deel/autocomplete-exercise/src/components/AutoComplete/index.tsx","statementMap":{"0":{"start":{"line":1,"column":0},"end":{"line":1,"column":65}},"1":{"start":{"line":3,"column":0},"end":{"line":3,"column":38}},"2":{"start":{"line":5,"column":0},"end":{"line":5,"column":46}},"3":{"start":{"line":7,"column":0},"end":{"line":7,"column":21}},"4":{"start":{"line":13,"column":21},"end":{"line":127,"column":1}},"5":{"start":{"line":14,"column":19},"end":{"line":14,"column":49}},"6":{"start":{"line":15,"column":18},"end":{"line":15,"column":48}},"7":{"start":{"line":17,"column":28},"end":{"line":17,"column":40}},"8":{"start":{"line":18,"column":40},"end":{"line":18,"column":66}},"9":{"start":{"line":19,"column":36},"end":{"line":19,"column":51}},"10":{"start":{"line":20,"column":44},"end":{"line":20,"column":56}},"11":{"start":{"line":21,"column":48},"end":{"line":21,"column":63}},"12":{"start":{"line":23,"column":25},"end":{"line":23,"column":48}},"13":{"start":{"line":25,"column":34},"end":{"line":40,"column":23}},"14":{"start":{"line":26,"column":4},"end":{"line":29,"column":5}},"15":{"start":{"line":27,"column":6},"end":{"line":27,"column":25}},"16":{"start":{"line":28,"column":6},"end":{"line":28,"column":13}},"17":{"start":{"line":31,"column":4},"end":{"line":31,"column":23}},"18":{"start":{"line":32,"column":4},"end":{"line":39,"column":5}},"19":{"start":{"line":33,"column":19},"end":{"line":33,"column":54}},"20":{"start":{"line":34,"column":6},"end":{"line":34,"column":27}},"21":{"start":{"line":36,"column":6},"end":{"line":36,"column":58}},"22":{"start":{"line":38,"column":6},"end":{"line":38,"column":26}},"23":{"start":{"line":42,"column":2},"end":{"line":46,"column":65}},"24":{"start":{"line":43,"column":4},"end":{"line":45,"column":5}},"25":{"start":{"line":44,"column":6},"end":{"line":44,"column":46}},"26":{"start":{"line":48,"column":28},"end":{"line":52,"column":3}},"27":{"start":{"line":49,"column":4},"end":{"line":49,"column":33}},"28":{"start":{"line":50,"column":4},"end":{"line":50,"column":25}},"29":{"start":{"line":51,"column":4},"end":{"line":51,"column":30}},"30":{"start":{"line":54,"column":24},"end":{"line":68,"column":3}},"31":{"start":{"line":55,"column":4},"end":{"line":67,"column":5}},"32":{"start":{"line":56,"column":6},"end":{"line":56,"column":29}},"33":{"start":{"line":57,"column":6},"end":{"line":59,"column":8}},"34":{"start":{"line":58,"column":8},"end":{"line":58,"column":70}},"35":{"start":{"line":60,"column":11},"end":{"line":67,"column":5}},"36":{"start":{"line":61,"column":6},"end":{"line":61,"column":29}},"37":{"start":{"line":62,"column":6},"end":{"line":62,"column":77}},"38":{"start":{"line":62,"column":39},"end":{"line":62,"column":74}},"39":{"start":{"line":63,"column":11},"end":{"line":67,"column":5}},"40":{"start":{"line":64,"column":6},"end":{"line":64,"column":48}},"41":{"start":{"line":65,"column":6},"end":{"line":65,"column":25}},"42":{"start":{"line":66,"column":6},"end":{"line":66,"column":31}},"43":{"start":{"line":70,"column":32},"end":{"line":75,"column":3}},"44":{"start":{"line":71,"column":4},"end":{"line":71,"column":30}},"45":{"start":{"line":72,"column":4},"end":{"line":72,"column":23}},"46":{"start":{"line":73,"column":4},"end":{"line":73,"column":29}},"47":{"start":{"line":74,"column":4},"end":{"line":74,"column":30}},"48":{"start":{"line":77,"column":25},"end":{"line":86,"column":13}},"49":{"start":{"line":78,"column":4},"end":{"line":83,"column":5}},"50":{"start":{"line":79,"column":20},"end":{"line":79,"column":50}},"51":{"start":{"line":80,"column":6},"end":{"line":82,"column":8}},"52":{"start":{"line":81,"column":8},"end":{"line":81,"column":66}},"53":{"start":{"line":85,"column":4},"end":{"line":85,"column":14}},"54":{"start":{"line":88,"column":2},"end":{"line":93,"column":22}},"55":{"start":{"line":89,"column":4},"end":{"line":92,"column":5}},"56":{"start":{"line":90,"column":30},"end":{"line":90,"column":86}},"57":{"start":{"line":91,"column":6},"end":{"line":91,"column":79}},"58":{"start":{"line":95,"column":2},"end":{"line":126,"column":4}},"59":{"start":{"line":110,"column":12},"end":{"line":111,"column":null}},"60":{"start":{"line":112,"column":29},"end":{"line":112,"column":62}},"61":{"start":{"line":129,"column":9},"end":{"line":129,"column":21}}},"fnMap":{"0":{"name":"(anonymous_0)","decl":{"start":{"line":13,"column":21},"end":{"line":13,"column":22}},"loc":{"start":{"line":13,"column":74},"end":{"line":127,"column":1}}},"1":{"name":"(anonymous_1)","decl":{"start":{"line":25,"column":46},"end":{"line":25,"column":51}},"loc":{"start":{"line":25,"column":76},"end":{"line":40,"column":3}}},"2":{"name":"(anonymous_2)","decl":{"start":{"line":42,"column":12},"end":{"line":42,"column":15}},"loc":{"start":{"line":42,"column":17},"end":{"line":46,"column":3}}},"3":{"name":"(anonymous_3)","decl":{"start":{"line":48,"column":28},"end":{"line":48,"column":29}},"loc":{"start":{"line":48,"column":75},"end":{"line":52,"column":3}}},"4":{"name":"(anonymous_4)","decl":{"start":{"line":54,"column":24},"end":{"line":54,"column":25}},"loc":{"start":{"line":54,"column":73},"end":{"line":68,"column":3}}},"5":{"name":"(anonymous_5)","decl":{"start":{"line":57,"column":23},"end":{"line":57,"column":24}},"loc":{"start":{"line":58,"column":8},"end":{"line":58,"column":70}}},"6":{"name":"(anonymous_6)","decl":{"start":{"line":62,"column":23},"end":{"line":62,"column":24}},"loc":{"start":{"line":62,"column":39},"end":{"line":62,"column":74}}},"7":{"name":"(anonymous_7)","decl":{"start":{"line":70,"column":32},"end":{"line":70,"column":33}},"loc":{"start":{"line":70,"column":59},"end":{"line":75,"column":3}}},"8":{"name":"(anonymous_8)","decl":{"start":{"line":77,"column":37},"end":{"line":77,"column":38}},"loc":{"start":{"line":77,"column":69},"end":{"line":86,"column":3}}},"9":{"name":"(anonymous_9)","decl":{"start":{"line":80,"column":35},"end":{"line":80,"column":36}},"loc":{"start":{"line":81,"column":8},"end":{"line":81,"column":66}}},"10":{"name":"(anonymous_10)","decl":{"start":{"line":88,"column":12},"end":{"line":88,"column":15}},"loc":{"start":{"line":88,"column":17},"end":{"line":93,"column":3}}},"11":{"name":"(anonymous_11)","decl":{"start":{"line":109,"column":27},"end":{"line":109,"column":28}},"loc":{"start":{"line":110,"column":12},"end":{"line":111,"column":null}}},"12":{"name":"(anonymous_12)","decl":{"start":{"line":112,"column":23},"end":{"line":112,"column":26}},"loc":{"start":{"line":112,"column":29},"end":{"line":112,"column":62}}}},"branchMap":{"0":{"loc":{"start":{"line":13,"column":24},"end":{"line":13,"column":49}},"type":"default-arg","locations":[{"start":{"line":13,"column":38},"end":{"line":13,"column":49}}]},"1":{"loc":{"start":{"line":26,"column":4},"end":{"line":29,"column":5}},"type":"if","locations":[{"start":{"line":26,"column":4},"end":{"line":29,"column":5}}]},"2":{"loc":{"start":{"line":26,"column":8},"end":{"line":26,"column":39}},"type":"binary-expr","locations":[{"start":{"line":26,"column":8},"end":{"line":26,"column":20}},{"start":{"line":26,"column":24},"end":{"line":26,"column":39}}]},"3":{"loc":{"start":{"line":43,"column":4},"end":{"line":45,"column":5}},"type":"if","locations":[{"start":{"line":43,"column":4},"end":{"line":45,"column":5}}]},"4":{"loc":{"start":{"line":43,"column":8},"end":{"line":43,"column":42}},"type":"binary-expr","locations":[{"start":{"line":43,"column":8},"end":{"line":43,"column":24}},{"start":{"line":43,"column":28},"end":{"line":43,"column":42}}]},"5":{"loc":{"start":{"line":55,"column":4},"end":{"line":67,"column":5}},"type":"if","locations":[{"start":{"line":55,"column":4},"end":{"line":67,"column":5}},{"start":{"line":60,"column":11},"end":{"line":67,"column":5}}]},"6":{"loc":{"start":{"line":58,"column":8},"end":{"line":58,"column":70}},"type":"cond-expr","locations":[{"start":{"line":58,"column":45},"end":{"line":58,"column":58}},{"start":{"line":58,"column":61},"end":{"line":58,"column":70}}]},"7":{"loc":{"start":{"line":60,"column":11},"end":{"line":67,"column":5}},"type":"if","locations":[{"start":{"line":60,"column":11},"end":{"line":67,"column":5}},{"start":{"line":63,"column":11},"end":{"line":67,"column":5}}]},"8":{"loc":{"start":{"line":62,"column":39},"end":{"line":62,"column":74}},"type":"cond-expr","locations":[{"start":{"line":62,"column":56},"end":{"line":62,"column":69}},{"start":{"line":62,"column":72},"end":{"line":62,"column":74}}]},"9":{"loc":{"start":{"line":63,"column":11},"end":{"line":67,"column":5}},"type":"if","locations":[{"start":{"line":63,"column":11},"end":{"line":67,"column":5}}]},"10":{"loc":{"start":{"line":63,"column":15},"end":{"line":63,"column":58}},"type":"binary-expr","locations":[{"start":{"line":63,"column":15},"end":{"line":63,"column":36}},{"start":{"line":63,"column":40},"end":{"line":63,"column":58}}]},"11":{"loc":{"start":{"line":78,"column":4},"end":{"line":83,"column":5}},"type":"if","locations":[{"start":{"line":78,"column":4},"end":{"line":83,"column":5}}]},"12":{"loc":{"start":{"line":81,"column":8},"end":{"line":81,"column":66}},"type":"cond-expr","locations":[{"start":{"line":81,"column":28},"end":{"line":81,"column":47}},{"start":{"line":81,"column":62},"end":{"line":81,"column":66}}]},"13":{"loc":{"start":{"line":89,"column":4},"end":{"line":92,"column":5}},"type":"if","locations":[{"start":{"line":89,"column":4},"end":{"line":92,"column":5}}]},"14":{"loc":{"start":{"line":89,"column":8},"end":{"line":89,"column":45}},"type":"binary-expr","locations":[{"start":{"line":89,"column":8},"end":{"line":89,"column":23}},{"start":{"line":89,"column":27},"end":{"line":89,"column":45}}]},"15":{"loc":{"start":{"line":106,"column":7},"end":{"line":106,"column":74}},"type":"binary-expr","locations":[{"start":{"line":106,"column":7},"end":{"line":106,"column":16}},{"start":{"line":106,"column":20},"end":{"line":106,"column":74}}]},"16":{"loc":{"start":{"line":107,"column":7},"end":{"line":118,"column":null}},"type":"binary-expr","locations":[{"start":{"line":107,"column":7},"end":{"line":107,"column":24}},{"start":{"line":107,"column":28},"end":{"line":107,"column":50}},{"start":{"line":108,"column":8},"end":{"line":117,"column":null}}]},"17":{"loc":{"start":{"line":113,"column":44},"end":{"line":113,"column":85}},"type":"cond-expr","locations":[{"start":{"line":113,"column":70},"end":{"line":113,"column":80}},{"start":{"line":113,"column":83},"end":{"line":113,"column":85}}]},"18":{"loc":{"start":{"line":120,"column":7},"end":{"line":123,"column":null}},"type":"binary-expr","locations":[{"start":{"line":120,"column":7},"end":{"line":120,"column":33}},{"start":{"line":120,"column":37},"end":{"line":120,"column":47}},{"start":{"line":120,"column":51},"end":{"line":120,"column":75}},{"start":{"line":120,"column":79},"end":{"line":120,"column":95}},{"start":{"line":121,"column":8},"end":{"line":122,"column":null}}]}},"s":{"0":1,"1":1,"2":1,"3":1,"4":1,"5":181,"6":181,"7":181,"8":181,"9":181,"10":181,"11":181,"12":181,"13":181,"14":51,"15":0,"16":0,"17":51,"18":51,"19":51,"20":43,"21":4,"22":47,"23":181,"24":68,"25":51,"26":181,"27":53,"28":53,"29":53,"30":181,"31":67,"32":13,"33":13,"34":13,"35":54,"36":2,"37":2,"38":2,"39":52,"40":1,"41":1,"42":1,"43":181,"44":1,"45":1,"46":1,"47":1,"48":181,"49":520,"50":520,"51":520,"52":604,"53":0,"54":181,"55":28,"56":14,"57":14,"58":181,"59":520,"60":1,"61":1},"f":{"0":181,"1":51,"2":68,"3":53,"4":67,"5":13,"6":2,"7":1,"8":520,"9":604,"10":28,"11":520,"12":1},"b":{"0":[180],"1":[0],"2":[51,51],"3":[51],"4":[68,66],"5":[13,54],"6":[13,0],"7":[2,52],"8":[2,0],"9":[1],"10":[52,1],"11":[520],"12":[42,562],"13":[14],"14":[28,15],"15":[181,54],"16":[181,166,95],"17":[14,506],"18":[181,166,112,41,39]}}
,"/home/lucaspadilha/Pessoal/deel/autocomplete-exercise/src/hooks/index.ts": {"path":"/home/lucaspadilha/Pessoal/deel/autocomplete-exercise/src/hooks/index.ts","statementMap":{"0":{"start":{"line":1,"column":0},"end":{"line":1,"column":30}}},"fnMap":{},"branchMap":{},"s":{"0":1},"f":{},"b":{}}
,"/home/lucaspadilha/Pessoal/deel/autocomplete-exercise/src/hooks/useDebounce/index.ts": {"path":"/home/lucaspadilha/Pessoal/deel/autocomplete-exercise/src/hooks/useDebounce/index.ts","statementMap":{"0":{"start":{"line":1,"column":0},"end":{"line":1,"column":44}},"1":{"start":{"line":3,"column":20},"end":{"line":17,"column":1}},"2":{"start":{"line":4,"column":46},"end":{"line":4,"column":64}},"3":{"start":{"line":6,"column":2},"end":{"line":14,"column":21}},"4":{"start":{"line":7,"column":20},"end":{"line":9,"column":13}},"5":{"start":{"line":8,"column":6},"end":{"line":8,"column":31}},"6":{"start":{"line":11,"column":4},"end":{"line":13,"column":6}},"7":{"start":{"line":12,"column":6},"end":{"line":12,"column":28}},"8":{"start":{"line":16,"column":2},"end":{"line":16,"column":24}},"9":{"start":{"line":19,"column":9},"end":{"line":19,"column":20}}},"fnMap":{"0":{"name":"(anonymous_0)","decl":{"start":{"line":3,"column":20},"end":{"line":3,"column":24}},"loc":{"start":{"line":3,"column":54},"end":{"line":17,"column":1}}},"1":{"name":"(anonymous_1)","decl":{"start":{"line":6,"column":12},"end":{"line":6,"column":15}},"loc":{"start":{"line":6,"column":17},"end":{"line":14,"column":3}}},"2":{"name":"(anonymous_2)","decl":{"start":{"line":7,"column":31},"end":{"line":7,"column":34}},"loc":{"start":{"line":7,"column":36},"end":{"line":9,"column":5}}},"3":{"name":"(anonymous_3)","decl":{"start":{"line":11,"column":11},"end":{"line":11,"column":14}},"loc":{"start":{"line":11,"column":16},"end":{"line":13,"column":5}}}},"branchMap":{},"s":{"0":2,"1":2,"2":16,"3":16,"4":12,"5":4,"6":12,"7":12,"8":16,"9":2},"f":{"0":16,"1":12,"2":4,"3":12},"b":{}}
,"/home/lucaspadilha/Pessoal/deel/autocomplete-exercise/src/services/index.ts": {"path":"/home/lucaspadilha/Pessoal/deel/autocomplete-exercise/src/services/index.ts","statementMap":{"0":{"start":{"line":1,"column":0},"end":{"line":1,"column":27}}},"fnMap":{},"branchMap":{},"s":{"0":1},"f":{},"b":{}}
,"/home/lucaspadilha/Pessoal/deel/autocomplete-exercise/src/services/mockedApi/index.ts": {"path":"/home/lucaspadilha/Pessoal/deel/autocomplete-exercise/src/services/mockedApi/index.ts","statementMap":{"0":{"start":{"line":3,"column":17},"end":{"line":3,"column":49}},"1":{"start":{"line":5,"column":32},"end":{"line":26,"column":1}},"2":{"start":{"line":6,"column":2},"end":{"line":25,"column":3}},"3":{"start":{"line":7,"column":21},"end":{"line":7,"column":79}},"4":{"start":{"line":9,"column":38},"end":{"line":9,"column":59}},"5":{"start":{"line":10,"column":43},"end":{"line":17,"column":6}},"6":{"start":{"line":11,"column":6},"end":{"line":11,"column":41}},"7":{"start":{"line":11,"column":31},"end":{"line":11,"column":41}},"8":{"start":{"line":13,"column":6},"end":{"line":16,"column":10}},"9":{"start":{"line":13,"column":75},"end":{"line":16,"column":8}},"10":{"start":{"line":19,"column":4},"end":{"line":21,"column":6}},"11":{"start":{"line":20,"column":6},"end":{"line":20,"column":65}},"12":{"start":{"line":23,"column":4},"end":{"line":23,"column":77}},"13":{"start":{"line":24,"column":4},"end":{"line":24,"column":14}},"14":{"start":{"line":5,"column":13},"end":{"line":5,"column":32}}},"fnMap":{"0":{"name":"(anonymous_0)","decl":{"start":{"line":5,"column":32},"end":{"line":5,"column":37}},"loc":{"start":{"line":5,"column":84},"end":{"line":26,"column":1}}},"1":{"name":"(anonymous_1)","decl":{"start":{"line":10,"column":61},"end":{"line":10,"column":62}},"loc":{"start":{"line":10,"column":73},"end":{"line":17,"column":5}}},"2":{"name":"(anonymous_2)","decl":{"start":{"line":13,"column":52},"end":{"line":13,"column":53}},"loc":{"start":{"line":13,"column":75},"end":{"line":16,"column":8}}},"3":{"name":"(anonymous_3)","decl":{"start":{"line":19,"column":30},"end":{"line":19,"column":31}},"loc":{"start":{"line":20,"column":6},"end":{"line":20,"column":65}}}},"branchMap":{"0":{"loc":{"start":{"line":11,"column":6},"end":{"line":11,"column":41}},"type":"if","locations":[{"start":{"line":11,"column":6},"end":{"line":11,"column":41}}]}},"s":{"0":2,"1":2,"2":7,"3":7,"4":6,"5":6,"6":8,"7":1,"8":7,"9":7,"10":6,"11":7,"12":1,"13":1,"14":2},"f":{"0":7,"1":8,"2":7,"3":7},"b":{"0":[1]}}
}
