TN:
SF:src/App.tsx
FN:6,(anonymous_0)
FNF:1
FNH:1
FNDA:5,(anonymous_0)
DA:2,1
DA:4,1
DA:6,1
DA:7,5
DA:21,1
LF:5
LH:5
BRF:0
BRH:0
end_of_record
TN:
SF:src/components/AutoComplete/index.tsx
FN:13,(anonymous_0)
FN:25,(anonymous_1)
FN:42,(anonymous_2)
FN:48,(anonymous_3)
FN:54,(anonymous_4)
FN:57,(anonymous_5)
FN:62,(anonymous_6)
FN:70,(anonymous_7)
FN:77,(anonymous_8)
FN:80,(anonymous_9)
FN:88,(anonymous_10)
FN:109,(anonymous_11)
FN:112,(anonymous_12)
FNF:13
FNH:13
FNDA:181,(anonymous_0)
FNDA:51,(anonymous_1)
FNDA:68,(anonymous_2)
FNDA:53,(anonymous_3)
FNDA:67,(anonymous_4)
FNDA:13,(anonymous_5)
FNDA:2,(anonymous_6)
FNDA:1,(anonymous_7)
FNDA:520,(anonymous_8)
FNDA:604,(anonymous_9)
FNDA:28,(anonymous_10)
FNDA:520,(anonymous_11)
FNDA:1,(anonymous_12)
DA:1,1
DA:3,1
DA:5,1
DA:7,1
DA:13,1
DA:14,181
DA:15,181
DA:17,181
DA:18,181
DA:19,181
DA:20,181
DA:21,181
DA:23,181
DA:25,181
DA:26,51
DA:27,0
DA:28,0
DA:31,51
DA:32,51
DA:33,51
DA:34,43
DA:36,4
DA:38,47
DA:42,181
DA:43,68
DA:44,51
DA:48,181
DA:49,53
DA:50,53
DA:51,53
DA:54,181
DA:55,67
DA:56,13
DA:57,13
DA:58,13
DA:60,54
DA:61,2
DA:62,2
DA:63,52
DA:64,1
DA:65,1
DA:66,1
DA:70,181
DA:71,1
DA:72,1
DA:73,1
DA:74,1
DA:77,181
DA:78,520
DA:79,520
DA:80,520
DA:81,604
DA:85,0
DA:88,181
DA:89,28
DA:90,14
DA:91,14
DA:95,181
DA:110,520
DA:112,1
DA:129,1
LF:61
LH:58
BRDA:13,0,0,180
BRDA:26,1,0,0
BRDA:26,2,0,51
BRDA:26,2,1,51
BRDA:43,3,0,51
BRDA:43,4,0,68
BRDA:43,4,1,66
BRDA:55,5,0,13
BRDA:55,5,1,54
BRDA:58,6,0,13
BRDA:58,6,1,0
BRDA:60,7,0,2
BRDA:60,7,1,52
BRDA:62,8,0,2
BRDA:62,8,1,0
BRDA:63,9,0,1
BRDA:63,10,0,52
BRDA:63,10,1,1
BRDA:78,11,0,520
BRDA:81,12,0,42
BRDA:81,12,1,562
BRDA:89,13,0,14
BRDA:89,14,0,28
BRDA:89,14,1,15
BRDA:106,15,0,181
BRDA:106,15,1,54
BRDA:107,16,0,181
BRDA:107,16,1,166
BRDA:107,16,2,95
BRDA:113,17,0,14
BRDA:113,17,1,506
BRDA:120,18,0,181
BRDA:120,18,1,166
BRDA:120,18,2,112
BRDA:120,18,3,41
BRDA:120,18,4,39
BRF:36
BRH:33
end_of_record
TN:
SF:src/hooks/index.ts
FNF:0
FNH:0
DA:1,1
LF:1
LH:1
BRF:0
BRH:0
end_of_record
TN:
SF:src/hooks/useDebounce/index.ts
FN:3,(anonymous_0)
FN:6,(anonymous_1)
FN:7,(anonymous_2)
FN:11,(anonymous_3)
FNF:4
FNH:4
FNDA:16,(anonymous_0)
FNDA:12,(anonymous_1)
FNDA:4,(anonymous_2)
FNDA:12,(anonymous_3)
DA:1,2
DA:3,2
DA:4,16
DA:6,16
DA:7,12
DA:8,4
DA:11,12
DA:12,12
DA:16,16
DA:19,2
LF:10
LH:10
BRF:0
BRH:0
end_of_record
TN:
SF:src/services/index.ts
FNF:0
FNH:0
DA:1,1
LF:1
LH:1
BRF:0
BRH:0
end_of_record
TN:
SF:src/services/mockedApi/index.ts
FN:5,(anonymous_0)
FN:10,(anonymous_1)
FN:13,(anonymous_2)
FN:19,(anonymous_3)
FNF:4
FNH:4
FNDA:7,(anonymous_0)
FNDA:8,(anonymous_1)
FNDA:7,(anonymous_2)
FNDA:7,(anonymous_3)
DA:3,2
DA:5,2
DA:6,7
DA:7,7
DA:9,6
DA:10,6
DA:11,8
DA:13,7
DA:19,6
DA:20,7
DA:23,1
DA:24,1
LF:12
LH:12
BRDA:11,0,0,1
BRF:1
BRH:1
end_of_record
